<!DOCTYPE html PUBLIC "-//W3C//DTD XHTML 1.1//EN" "https://www.w3.org/TR/xhtml11/DTD/xhtml11.dtd">
<html xmlns="https://www.w3.org/1999/xhtml">
<head>
<meta http-equiv="content-type" content="text/html; charset=UTF-8"/>
<title>TestNG Report</title>
<style type="text/css">table {margin-bottom:10px;border-collapse:collapse;empty-cells:show}th,td {border:1px solid #009;padding:.25em .5em}th {vertical-align:bottom}td {vertical-align:top}table a {font-weight:bold}.stripe td {background-color: #E6EBF9}.num {text-align:right}.passedodd td {background-color: #3F3}.passedeven td {background-color: #0A0}.skippedodd td {background-color: #DDD}.skippedeven td {background-color: #CCC}.failedodd td,.attn {background-color: #F33}.failedeven td,.stripe .attn {background-color: #D00}.stacktrace {white-space:pre;font-family:monospace}.totop {font-size:85%;text-align:center;border-bottom:2px solid #000}.invisible {display:none}</style>
</head>
<body>
<table>
<tr><th>Test</th><th># Passed</th><th># Skipped</th><th># Retried</th><th># Failed</th><th>Time (ms)</th><th>Included Groups</th><th>Excluded Groups</th></tr>
<tr><th colspan="8">Suite</th></tr>
<tr><td><a href="#t0">Error Validation</a></td><td class="num">0</td><td class="num">0</td><td class="num attn">1</td><td class="num attn">2</td><td class="num">22,636</td><td></td><td></td></tr>
<tr class="stripe"><td><a href="#t1">E2E Testing</a></td><td class="num">3</td><td class="num">0</td><td class="num">0</td><td class="num">0</td><td class="num">31,145</td><td></td><td></td></tr>
<tr><th>Total</th><th class="num">3</th><th class="num">0</th><th class="num attn">1</th><th class="num attn">2</th><th class="num">53,781</th><th colspan="2"></th></tr>
</table>
<table id='summary'><thead><tr><th>Class</th><th>Method</th><th>Start</th><th>Time (ms)</th></tr></thead><tbody><tr><th colspan="4">Suite</th></tr></tbody><tbody id="t0"><tr><th colspan="4">Error Validation &#8212; failed</th></tr><tr class="failedeven"><td rowspan="2">SeleniumTestingSubeka.ECommerceE2E.ErrorValidation</td><td><a href="#m0">ErrorValidationOnUserName</a></td><td rowspan="1">1725099911466</td><td rowspan="1">1137</td></tr><tr class="failedeven"><td><a href="#m1">productErrorValidation</a></td><td rowspan="1">1725099914391</td><td rowspan="1">10756</td></tr><tr><th colspan="4">Error Validation &#8212; retried</th></tr><tr class="retriedeven"><td rowspan="1">SeleniumTestingSubeka.ECommerceE2E.ErrorValidation</td><td><a href="#m2">ErrorValidationOnUserName</a></td><td rowspan="1">1725099907159</td><td rowspan="1">1172</td></tr></tbody>
<tbody id="t1"><tr><th colspan="4">E2E Testing &#8212; passed</th></tr><tr class="passedeven"><td rowspan="3">SeleniumTestingSubeka.ECommerceE2E.FirstTest</td><td><a href="#m3">ECommerceTesting</a></td><td rowspan="2">1725099907399</td><td rowspan="2">9788</td></tr><tr class="passedeven"><td><a href="#m4">ECommerceTesting</a></td></tr><tr class="passedeven"><td><a href="#m5">orderCheckListValidation</a></td><td rowspan="1">1725099933248</td><td rowspan="1">695</td></tr></tbody>
</table>
<h2>Error Validation</h2><h3 id="m0">SeleniumTestingSubeka.ECommerceE2E.ErrorValidation#ErrorValidationOnUserName</h3><table class="result"><tr><th>Exception</th></tr><tr><td><div class="stacktrace">java.lang.AssertionError: expected [Incorrt email or password.] but found [Incorrect email or password.]
	at SeleniumTestingSubeka.ECommerceE2E.ErrorValidation.ErrorValidationOnUserName(ErrorValidation.java:19)
	at java.base/java.util.ArrayList.forEach(ArrayList.java:1511)
	at java.base/java.util.concurrent.FutureTask.run(FutureTask.java:264)
	at java.base/java.util.concurrent.ThreadPoolExecutor.runWorker(ThreadPoolExecutor.java:1136)
	at java.base/java.util.concurrent.ThreadPoolExecutor$Worker.run(ThreadPoolExecutor.java:635)
	at java.base/java.lang.Thread.run(Thread.java:833)
... Removed 23 stack frames</div></td></tr></table><p class="totop"><a href="#summary">back to summary</a></p>
<h3 id="m1">SeleniumTestingSubeka.ECommerceE2E.ErrorValidation#productErrorValidation</h3><table class="result"><tr><th>Exception</th></tr><tr><td><div class="stacktrace">java.lang.AssertionError: expected [true] but found [false]
	at SeleniumTestingSubeka.ECommerceE2E.ErrorValidation.productErrorValidation(ErrorValidation.java:39)
	at java.base/java.util.ArrayList.forEach(ArrayList.java:1511)
	at java.base/java.util.concurrent.FutureTask.run(FutureTask.java:264)
	at java.base/java.util.concurrent.ThreadPoolExecutor.runWorker(ThreadPoolExecutor.java:1136)
	at java.base/java.util.concurrent.ThreadPoolExecutor$Worker.run(ThreadPoolExecutor.java:635)
	at java.base/java.lang.Thread.run(Thread.java:833)
... Removed 21 stack frames</div></td></tr></table><p class="totop"><a href="#summary">back to summary</a></p>
<h3 id="m2">SeleniumTestingSubeka.ECommerceE2E.ErrorValidation#ErrorValidationOnUserName</h3><table class="result"><tr><th>Exception</th></tr><tr><td><div class="stacktrace">java.lang.AssertionError: expected [Incorrt email or password.] but found [Incorrect email or password.]
	at SeleniumTestingSubeka.ECommerceE2E.ErrorValidation.ErrorValidationOnUserName(ErrorValidation.java:19)
	at java.base/java.util.ArrayList.forEach(ArrayList.java:1511)
	at java.base/java.util.concurrent.FutureTask.run(FutureTask.java:264)
	at java.base/java.util.concurrent.ThreadPoolExecutor.runWorker(ThreadPoolExecutor.java:1136)
	at java.base/java.util.concurrent.ThreadPoolExecutor$Worker.run(ThreadPoolExecutor.java:635)
	at java.base/java.lang.Thread.run(Thread.java:833)
... Removed 23 stack frames</div></td></tr></table><p class="totop"><a href="#summary">back to summary</a></p>
<h2>E2E Testing</h2><h3 id="m3">SeleniumTestingSubeka.ECommerceE2E.FirstTest#ECommerceTesting</h3><table class="result"><tr class="param"><th>Parameter #1</th></tr><tr class="param stripe"><td>{prodName=ZARA COAT 3, password=Chithra@subi8, email=subisubi8@gmail.com}</td></tr></table><p class="totop"><a href="#summary">back to summary</a></p>
<h3 id="m4">SeleniumTestingSubeka.ECommerceE2E.FirstTest#ECommerceTesting</h3><table class="result"><tr class="param"><th>Parameter #1</th></tr><tr class="param stripe"><td>{prodName=ADIDAS ORIGINAL, password=Chithra@subi8, email=subisubishivan8@gmail.com}</td></tr></table><p class="totop"><a href="#summary">back to summary</a></p>
<h3 id="m5">SeleniumTestingSubeka.ECommerceE2E.FirstTest#orderCheckListValidation</h3><table class="result"><tr><th class="invisible"/></tr></table><p class="totop"><a href="#summary">back to summary</a></p>
</body>
</html>
